<?xml version="1.0" encoding="UTF-8" ?>
<testsuite errors="0" failures="0" hostname="Sebastians-MacBook-Pro-2.local" name="com.application.quickies.placeholders.MainTest" skipped="0" tests="1" time="0.287" timestamp="2020-11-25T14:52:24">
  <properties>
    <property name="ant.library.dir" value="/Users/luisriquelme/Desktop/IntelliJ IDEA CE.app/Contents/lib/ant/lib" />
    <property name="ant.file.type" value="file" />
    <property name="java.specification.version" value="13" />
    <property name="lib" value="lib" />
    <property name="ant.project.name" value="Placeholders" />
    <property name="sun.jnu.encoding" value="UTF-8" />
    <property name="java.class.path" value="/Users/luisriquelme/Documents/Develop projects/Java/Quickies/Placeholders/lib/junit-4.12.jar:/Users/luisriquelme/Documents/Develop projects/Java/Quickies/Placeholders/lib/hamcrest-core-1.3.jar:/Users/luisriquelme/Documents/Develop projects/Java/Quickies/Placeholders/build/classes:/Users/luisriquelme/Documents/Develop projects/Java/Quickies/Placeholders/build/classes-tests:/Users/luisriquelme/Desktop/IntelliJ IDEA CE.app/Contents/lib/ant/lib/ant-launcher.jar:/Users/luisriquelme/Desktop/IntelliJ IDEA CE.app/Contents/lib/ant/lib/ant.jar:/Users/luisriquelme/Desktop/IntelliJ IDEA CE.app/Contents/lib/ant/lib/ant-junit.jar:/Users/luisriquelme/Desktop/IntelliJ IDEA CE.app/Contents/lib/ant/lib/ant-junit4.jar" />
    <property name="java.vm.vendor" value="Oracle Corporation" />
    <property name="sun.arch.data.model" value="64" />
    <property name="java.vendor.url" value="https://java.oracle.com/" />
    <property name="os.name" value="Mac OS X" />
    <property name="java.vm.specification.version" value="13" />
    <property name="jar" value="build/jar" />
    <property name="user.country" value="US" />
    <property name="sun.java.launcher" value="SUN_STANDARD" />
    <property name="sun.boot.library.path" value="/Library/Java/JavaVirtualMachines/jdk-13.jdk/Contents/Home/lib" />
    <property name="sun.java.command" value="org.apache.tools.ant.taskdefs.optional.junit.JUnitTestRunner com.application.quickies.placeholders.MainTest skipNonTests=false filtertrace=true haltOnError=false haltOnFailure=true formatter=org.apache.tools.ant.taskdefs.optional.junit.SummaryJUnitResultFormatter showoutput=false outputtoformatters=true logfailedtests=true threadid=0 logtestlistenerevents=false formatter=org.apache.tools.ant.taskdefs.optional.junit.XMLJUnitResultFormatter,/Users/luisriquelme/Documents/Develop projects/Java/Quickies/Placeholders/test/reports/TEST-com.application.quickies.placeholders.MainTest.xml crashfile=/Users/luisriquelme/Documents/Develop projects/Java/Quickies/Placeholders/junitvmwatcher18432209430641942661.properties propsfile=/Users/luisriquelme/Documents/Develop projects/Java/Quickies/Placeholders/junit1015120123250238572.properties" />
    <property name="http.nonProxyHosts" value="local|*.local|169.254/16|*.169.254/16" />
    <property name="jdk.debug" value="release" />
    <property name="test" value="test" />
    <property name="sun.cpu.endian" value="little" />
    <property name="user.home" value="/Users/luisriquelme" />
    <property name="user.language" value="de" />
    <property name="java.specification.vendor" value="Oracle Corporation" />
    <property name="java.version.date" value="2019-09-17" />
    <property name="java.home" value="/Library/Java/JavaVirtualMachines/jdk-13.jdk/Contents/Home" />
    <property name="basedir" value="/Users/luisriquelme/Documents/Develop projects/Java/Quickies/Placeholders" />
    <property name="file.separator" value="/" />
    <property name="java.vm.compressedOopsMode" value="Zero based" />
    <property name="line.separator" value="&#xa;" />
    <property name="ant.java.version" value="13" />
    <property name="ant.file.type.Placeholders" value="file" />
    <property name="java.specification.name" value="Java Platform API Specification" />
    <property name="java.vm.specification.vendor" value="Oracle Corporation" />
    <property name="sun.management.compiler" value="HotSpot 64-Bit Tiered Compilers" />
    <property name="ftp.nonProxyHosts" value="local|*.local|169.254/16|*.169.254/16" />
    <property name="classes" value="build/classes" />
    <property name="java.runtime.version" value="13+33" />
    <property name="user.name" value="luisriquelme" />
    <property name="ant.file" value="/Users/luisriquelme/Documents/Develop projects/Java/Quickies/Placeholders/build.xml" />
    <property name="path.separator" value=":" />
    <property name="os.version" value="10.13.6" />
    <property name="javadoc" value="doc" />
    <property name="java.runtime.name" value="Java(TM) SE Runtime Environment" />
    <property name="ant.project.invoked-targets" value="jar" />
    <property name="file.encoding" value="UTF-8" />
    <property name="ant.file.Placeholders" value="/Users/luisriquelme/Documents/Develop projects/Java/Quickies/Placeholders/build.xml" />
    <property name="java.vm.name" value="Java HotSpot(TM) 64-Bit Server VM" />
    <property name="ant.core.lib" value="/Users/luisriquelme/Desktop/IntelliJ IDEA CE.app/Contents/lib/ant/lib/ant.jar" />
    <property name="java.vendor.url.bug" value="https://bugreport.java.com/bugreport/" />
    <property name="java.io.tmpdir" value="/var/folders/98/g5hzyt0d0m75sbxcsm0ywxy00000gp/T/" />
    <property name="src" value="src" />
    <property name="java.version" value="13" />
    <property name="user.dir" value="/Users/luisriquelme/Documents/Develop projects/Java/Quickies/Placeholders" />
    <property name="os.arch" value="x86_64" />
    <property name="java.vm.specification.name" value="Java Virtual Machine Specification" />
    <property name="ant.home" value="/Users/luisriquelme/Desktop/IntelliJ IDEA CE.app/Contents/lib/ant" />
    <property name="ant.version" value="Apache Ant(TM) version 1.10.5 compiled on July 10 2018" />
    <property name="java.library.path" value="/Users/luisriquelme/Library/Java/Extensions:/Library/Java/Extensions:/Network/Library/Java/Extensions:/System/Library/Java/Extensions:/usr/lib/java:." />
    <property name="java.vm.info" value="mixed mode, sharing" />
    <property name="java.vendor" value="Oracle Corporation" />
    <property name="java.vm.version" value="13+33" />
    <property name="build" value="build" />
    <property name="sun.io.unicode.encoding" value="UnicodeBig" />
    <property name="socksNonProxyHosts" value="local|*.local|169.254/16|*.169.254/16" />
    <property name="java.class.version" value="57.0" />
  </properties>
  <testcase classname="com.application.quickies.placeholders.MainTest" name="replacePlaceholders" time="0.001" />
  <system-out><![CDATA[]]></system-out>
  <system-err><![CDATA[]]></system-err>
</testsuite>
